<?xml version="1.0" encoding="UTF-8"?>
<!-- Generated by org.testng.reporters.JUnitReportReporter -->
<testsuite skipped="0" hostname="P11-AS-GGLC102" name="com.test.postApiTest" tests="1" failures="0" timestamp="14 Nov 2018 14:45:13 GMT" time="2.733" errors="0">
  <testcase name="postApi" time="2.733" classname="com.test.postApiTest"/>
</testsuite> <!-- com.test.postApiTest -->
