<?xml version="1.0" encoding="UTF-8"?>
<!-- Generated by org.testng.reporters.JUnitReportReporter -->
<testsuite skipped="0" hostname="P11-AS-GGLC102" name="com.test.postApiTest" tests="1" failures="0" timestamp="04 Nov 2018 17:48:51 GMT" time="2.698" errors="0">
  <testcase name="postApi" time="2.698" classname="com.test.postApiTest"/>
</testsuite> <!-- com.test.postApiTest -->
